<?xml version="1.0" encoding="UTF-8"?>
<!-- Generated by org.testng.reporters.JUnitXMLReporter -->
<testsuite ignored="0" hostname="DESKTOP-BE1TI0T" failures="1" tests="6" name="Surefire test" time="12.725" errors="0" timestamp="2024-06-22T18:44:44 IST">
  <testcase classname="com.CRM.TestCases.LoginPageTest" name="@BeforeClass pageSetUP" time="0.005">
    <failure type="java.lang.NullPointerException" message="Cannot invoke &amp;quot;com.CRM.Pages.HomePage.getSignIn()&amp;quot; because &amp;quot;this.hp&amp;quot; is null">
      <![CDATA[java.lang.NullPointerException: Cannot invoke "com.CRM.Pages.HomePage.getSignIn()" because "this.hp" is null
at com.CRM.TestCases.LoginPageTest.pageSetUP(LoginPageTest.java:19)
at java.base/java.util.ArrayList.forEach(ArrayList.java:1511)
... Removed 30 stack frames]]>
    </failure>
  </testcase> <!-- @BeforeClass pageSetUP -->
  <testcase classname="com.CRM.TestCases.BaseClass" name="setUpBrowser" time="10.801"/>
  <testcase classname="com.CRM.TestCases.HomePageTest" name="validateURL" time="0.055"/>
  <testcase classname="com.CRM.TestCases.HomePageTest" name="validateTitle" time="0.04"/>
  <testcase classname="com.CRM.TestCases.HomePageTest" name="validateSignIn" time="1.568">
    <failure type="java.lang.AssertionError" message="Test Case FAILED ! expected [true] but found [false]">
      <![CDATA[java.lang.AssertionError: Test Case FAILED ! expected [true] but found [false]
at com.CRM.TestCases.HomePageTest.validateSignIn(HomePageTest.java:29)
at java.base/java.util.ArrayList.forEach(ArrayList.java:1511)
... Removed 35 stack frames]]>
    </failure>
  </testcase> <!-- validateSignIn -->
  <testcase classname="com.CRM.TestCases.BaseClass" name="setUpBrowser" time="0.0">
    <skipped/>
  </testcase> <!-- setUpBrowser -->
  <testcase classname="com.CRM.TestCases.LoginPageTest" name="validateLogin" time="0.0">
    <skipped/>
  </testcase> <!-- validateLogin -->
</testsuite> <!-- Surefire test -->
