<?xml version="1.0" encoding="UTF-8"?>
<!-- Generated by org.testng.reporters.JUnitXMLReporter -->
<testsuite ignored="0" hostname="DESKTOP-BE1TI0T" failures="1" tests="4" name="HomePage" time="10.001" errors="0" timestamp="2024-06-22T18:24:59 IST">
  <testcase classname="com.CRM.TestCases.BaseClass" name="setUpBrowser" time="8.929"/>
  <testcase classname="com.CRM.TestCases.HomePageTest" name="validateURL" time="0.144"/>
  <testcase classname="com.CRM.TestCases.HomePageTest" name="validateTitle" time="0.023"/>
  <testcase classname="com.CRM.TestCases.HomePageTest" name="validateSignIn" time="0.649">
    <failure type="java.lang.AssertionError" message="Test Case FAILED ! expected [true] but found [false]">
      <![CDATA[java.lang.AssertionError: Test Case FAILED ! expected [true] but found [false]
at com.CRM.TestCases.HomePageTest.validateSignIn(HomePageTest.java:29)
at java.base/java.util.ArrayList.forEach(ArrayList.java:1511)
... Removed 30 stack frames]]>
    </failure>
  </testcase> <!-- validateSignIn -->
</testsuite> <!-- HomePage -->
