<!DOCTYPE html PUBLIC "-//W3C//DTD XHTML 1.1//EN" "https://www.w3.org/TR/xhtml11/DTD/xhtml11.dtd">
<html xmlns="https://www.w3.org/1999/xhtml">
<head>
<meta http-equiv="content-type" content="text/html; charset=UTF-8"/>
<title>TestNG Report</title>
<style type="text/css">table {margin-bottom:10px;border-collapse:collapse;empty-cells:show}th,td {border:1px solid #009;padding:.25em .5em}th {vertical-align:bottom}td {vertical-align:top}table a {font-weight:bold}.stripe td {background-color: #E6EBF9}.num {text-align:right}.passedodd td {background-color: #3F3}.passedeven td {background-color: #0A0}.skippedodd td {background-color: #DDD}.skippedeven td {background-color: #CCC}.failedodd td,.attn {background-color: #F33}.failedeven td,.stripe .attn {background-color: #D00}.stacktrace {white-space:pre;font-family:monospace}.totop {font-size:85%;text-align:center;border-bottom:2px solid #000}.invisible {display:none}</style>
</head>
<body>
<table>
<tr><th>Test</th><th># Passed</th><th># Skipped</th><th># Retried</th><th># Failed</th><th>Time (ms)</th><th>Included Groups</th><th>Excluded Groups</th></tr>
<tr><th colspan="8">Surefire suite</th></tr>
<tr><td><a href="#t0">Surefire test</a></td><td class="num">3</td><td class="num attn">2</td><td class="num">0</td><td class="num attn">1</td><td class="num">12,725</td><td></td><td></td></tr>
</table>
<table id='summary'><thead><tr><th>Class</th><th>Method</th><th>Start</th><th>Time (ms)</th></tr></thead><tbody><tr><th colspan="4">Surefire suite</th></tr></tbody><tbody id="t0"><tr><th colspan="4">Surefire test &#8212; failed (configuration methods)</th></tr><tr class="failedeven"><td rowspan="1">com.CRM.TestCases.LoginPageTest</td><td><a href="#m0">pageSetUP</a></td><td rowspan="1">1719062084346</td><td rowspan="1">5</td></tr><tr><th colspan="4">Surefire test &#8212; failed</th></tr><tr class="failedeven"><td rowspan="1">com.CRM.TestCases.HomePageTest</td><td><a href="#m1">validateSignIn</a></td><td rowspan="1">1719062082756</td><td rowspan="1">1568</td></tr><tr><th colspan="4">Surefire test &#8212; skipped</th></tr><tr class="skippedeven"><td rowspan="2">com.CRM.TestCases.LoginPageTest</td><td><a href="#m2">setUpBrowser</a></td><td rowspan="1">1719062084367</td><td rowspan="1">0</td></tr><tr class="skippedeven"><td><a href="#m3">validateLogin</a></td><td rowspan="1">1719062084375</td><td rowspan="1">0</td></tr><tr><th colspan="4">Surefire test &#8212; passed</th></tr><tr class="passedeven"><td rowspan="3">com.CRM.TestCases.HomePageTest</td><td><a href="#m4">setUpBrowser</a></td><td rowspan="1">1719062071841</td><td rowspan="1">10801</td></tr><tr class="passedeven"><td><a href="#m5">validateTitle</a></td><td rowspan="1">1719062082711</td><td rowspan="1">40</td></tr><tr class="passedeven"><td><a href="#m6">validateURL</a></td><td rowspan="1">1719062082650</td><td rowspan="1">55</td></tr></tbody>
</table>
<h2>Surefire test</h2><h3 id="m0">com.CRM.TestCases.LoginPageTest#pageSetUP</h3><table class="result"><tr><th>Exception</th></tr><tr><td><div class="stacktrace">java.lang.NullPointerException: Cannot invoke &quot;com.CRM.Pages.HomePage.getSignIn()&quot; because &quot;this.hp&quot; is null
	at com.CRM.TestCases.LoginPageTest.pageSetUP(LoginPageTest.java:19)
	at java.base/java.util.ArrayList.forEach(ArrayList.java:1511)
... Removed 30 stack frames</div></td></tr></table><p class="totop"><a href="#summary">back to summary</a></p>
<h3 id="m1">com.CRM.TestCases.HomePageTest#validateSignIn</h3><table class="result"><tr><th>Exception</th></tr><tr><td><div class="stacktrace">java.lang.AssertionError: Test Case FAILED ! expected [true] but found [false]
	at com.CRM.TestCases.HomePageTest.validateSignIn(HomePageTest.java:29)
	at java.base/java.util.ArrayList.forEach(ArrayList.java:1511)
... Removed 35 stack frames</div></td></tr></table><p class="totop"><a href="#summary">back to summary</a></p>
<h3 id="m2">com.CRM.TestCases.LoginPageTest#setUpBrowser</h3><table class="result"><tr><th>Exception</th></tr><tr><td><div class="stacktrace">java.lang.NullPointerException: Cannot invoke &quot;com.CRM.Pages.HomePage.getSignIn()&quot; because &quot;this.hp&quot; is null
	at com.CRM.TestCases.LoginPageTest.pageSetUP(LoginPageTest.java:19)
	at java.base/java.util.ArrayList.forEach(ArrayList.java:1511)
... Removed 30 stack frames</div></td></tr></table><p class="totop"><a href="#summary">back to summary</a></p>
<h3 id="m3">com.CRM.TestCases.LoginPageTest#validateLogin</h3><table class="result"><tr><th>Exception</th></tr><tr><td><div class="stacktrace">java.lang.NullPointerException: Cannot invoke &quot;com.CRM.Pages.HomePage.getSignIn()&quot; because &quot;this.hp&quot; is null
	at com.CRM.TestCases.LoginPageTest.pageSetUP(LoginPageTest.java:19)
	at java.base/java.util.ArrayList.forEach(ArrayList.java:1511)
... Removed 30 stack frames</div></td></tr></table><p class="totop"><a href="#summary">back to summary</a></p>
<h3 id="m4">com.CRM.TestCases.HomePageTest#setUpBrowser</h3><table class="result"><tr><th class="invisible"/></tr></table><p class="totop"><a href="#summary">back to summary</a></p>
<h3 id="m5">com.CRM.TestCases.HomePageTest#validateTitle</h3><table class="result"><tr><th class="invisible"/></tr></table><p class="totop"><a href="#summary">back to summary</a></p>
<h3 id="m6">com.CRM.TestCases.HomePageTest#validateURL</h3><table class="result"><tr><th class="invisible"/></tr></table><p class="totop"><a href="#summary">back to summary</a></p>
</body>
</html>
